<?xml version="1.0" encoding="UTF-8"?>
<!-- Generated by org.testng.reporters.JUnitXMLReporter -->
<testsuite ignored="0" hostname="DESKTOP-AAK60VV" failures="1" tests="2" name="Test" time="0.184" errors="0" timestamp="2023-06-02T20:25:47 IST">
  <testcase classname="Reports.ReportForFirst" name="testMethod1" time="0.061">
    <failure type="java.lang.AssertionError" message="expected [true] but found [false]">
      <![CDATA[java.lang.AssertionError: expected [true] but found [false]
at Reports.ReportForFirst.testMethod1(ReportForFirst.java:10)
at java.base/java.util.ArrayList.forEach(ArrayList.java:1511)
... Removed 31 stack frames]]>
    </failure>
  </testcase> <!-- testMethod1 -->
  <testcase classname="Reports.ReportForSecond" name="testMethod1" time="0.003"/>
</testsuite> <!-- Test -->
