<?xml version="1.0" encoding="UTF-8"?>
<testng-results ignored="0" total="1" passed="1" failed="0" skipped="0">
  <reporter-output>
  </reporter-output>
  <suite started-at="2023-06-05T18:11:31 IST" name="Default suite" finished-at="2023-06-05T18:11:40 IST" duration-ms="8995">
    <groups>
    </groups>
    <test started-at="2023-06-05T18:11:31 IST" name="Default test" finished-at="2023-06-05T18:11:40 IST" duration-ms="8995">
      <class name="ui.TestFiles">
        <test-method is-config="true" signature="beforetest()[pri:0, instance:ui.TestFiles@2c78d320]" started-at="2023-06-05T18:11:31 IST" name="beforetest" finished-at="2023-06-05T18:11:38 IST" duration-ms="6405" status="PASS">
          <reporter-output>
          </reporter-output>
        </test-method> <!-- beforetest -->
        <test-method signature="loginOpertaion()[pri:0, instance:ui.TestFiles@2c78d320]" started-at="2023-06-05T18:11:38 IST" name="loginOpertaion" finished-at="2023-06-05T18:11:40 IST" duration-ms="2241" status="PASS">
          <reporter-output>
          </reporter-output>
        </test-method> <!-- loginOpertaion -->
        <test-method is-config="true" signature="closeBrowser()[pri:0, instance:ui.TestFiles@2c78d320]" started-at="2023-06-05T18:11:40 IST" name="closeBrowser" finished-at="2023-06-05T18:11:40 IST" duration-ms="241" status="PASS">
          <reporter-output>
          </reporter-output>
        </test-method> <!-- closeBrowser -->
      </class> <!-- ui.TestFiles -->
    </test> <!-- Default test -->
  </suite> <!-- Default suite -->
</testng-results>
